#
# There is insufficient memory for the Java Runtime Environment to continue.
# Native memory allocation (mmap) failed to map 274877906944 bytes for G1 virtual space
# Possible reasons:
#   The system is out of physical RAM or swap space
# Possible solutions:
#   Reduce memory load on the system
#   Increase physical memory or swap space
#   Check if swap backing store is full
#   Decrease Java heap size (-Xmx/-Xms)
#   Decrease number of Java threads
#   Decrease Java thread stack sizes (-Xss)
#   Set larger code cache with -XX:ReservedCodeCacheSize=
# This output file may be truncated or incomplete.
#
#  Out of Memory Error (os_windows.cpp:3466), pid=11452, tid=15296
#
# JRE version:  (16.0.2+7) (build )
# Java VM: OpenJDK 64-Bit Server VM (16.0.2+7-67, mixed mode, sharing, tiered, compressed class ptrs, g1 gc, windows-amd64)
# No core dump will be written. Minidumps are not enabled by default on client versions of Windows
#

---------------  S U M M A R Y ------------

Command Line: -Dcom.sun.management.jmxremote -Dcom.sun.management.jmxremote.port=1032 -Dcom.sun.management.jmxremote.authenticate=false -Dcom.sun.management.jmxremote.ssl=false -Djava.rmi.server.hostname=localhost -Dspring.jmx.enabled=true -Dspring.application.admin.enabled=true --illegal-access=permit -Xms256g -Xmx256g -XX:MaxNewSize=256g -XX:MaxPermSize=256g -XX:TieredStopAtLevel=1 -Dspring.boot.project.name=facturacion_demo -Dfile.encoding=UTF-8 -XX:+ShowCodeDetailsInExceptionMessages xyz.softecapps.facturacion_demo.FacturacionDemoApplication --spring.output.ansi.enabled=always

Host: Intel(R) Core(TM) i7-9750H CPU @ 2.60GHz, 12 cores, 15G,  Windows 10 , 64 bit Build 19041 (10.0.19041.1202)
Time: Sun Nov  7 22:13:48 2021 Hora est. Pacífico, Sudamérica elapsed time: 0.013123 seconds (0d 0h 0m 0s)

---------------  T H R E A D  ---------------

Current thread (0x00000281aa076ab0):  JavaThread "Unknown thread" [_thread_in_vm, id=15296, stack(0x000000bdc5000000,0x000000bdc5100000)]

Stack: [0x000000bdc5000000,0x000000bdc5100000]
Native frames: (J=compiled Java code, j=interpreted, Vv=VM code, C=native code)
V  [jvm.dll+0x6681ca]
V  [jvm.dll+0x7c9e69]
V  [jvm.dll+0x7cb61e]
V  [jvm.dll+0x7cbc73]
V  [jvm.dll+0x242c55]
V  [jvm.dll+0x664f89]
V  [jvm.dll+0x659b75]
V  [jvm.dll+0x2fbfbb]
V  [jvm.dll+0x3031b6]
V  [jvm.dll+0x35299e]
V  [jvm.dll+0x352bcf]
V  [jvm.dll+0x2d3028]
V  [jvm.dll+0x2d4264]
V  [jvm.dll+0x79c741]
V  [jvm.dll+0x360791]
V  [jvm.dll+0x77a3f0]
V  [jvm.dll+0x3e4e8f]
V  [jvm.dll+0x3e6961]
C  [jli.dll+0x52fb]
C  [ucrtbase.dll+0x21bb2]
C  [KERNEL32.DLL+0x17034]
C  [ntdll.dll+0x52651]


---------------  P R O C E S S  ---------------

Threads class SMR info:
_java_thread_list=0x00007ffc254fcbb8, length=0, elements={
}

Java Threads: ( => current thread )

Other Threads:
  0x00000281aa13eb00 GCTaskThread "GC Thread#0" [stack: 0x000000bdc5100000,0x000000bdc5200000] [id=18084]
  0x00000281bd5c74a0 ConcurrentGCThread "G1 Main Marker" [stack: 0x000000bdc5200000,0x000000bdc5300000] [id=5688]
  0x00000281bd5c7ea0 ConcurrentGCThread "G1 Conc#0" [stack: 0x000000bdc5300000,0x000000bdc5400000] [id=24940]

[error occurred during error reporting (printing all threads), id 0xc0000005, EXCEPTION_ACCESS_VIOLATION (0xc0000005) at pc=0x00007ffc24cd3ee7]

VM state: not at safepoint (not fully initialized)

VM Mutex/Monitor currently owned by a thread:  ([mutex/lock_event])
[0x00000281aa0704e0] Heap_lock - owner thread: 0x00000281aa076ab0

CDS archive(s) mapped at: [0x0000000000000000-0x0000000000000000-0x0000000000000000), size 0, SharedBaseAddress: 0x0000000800000000, ArchiveRelocationMode: 0.
Narrow klass base: 0x0000000000000000, Narrow klass shift: 0, Narrow klass range: 0x0

GC Precious Log:
<Empty>

Heap:
 garbage-first heap   total 0K, used 0K [0x00000281be000000, 0x000002c1be000000)
  region size 32768K, 0 young (0K), 0 survivors (0K)

[error occurred during error reporting (printing heap information), id 0xc0000005, EXCEPTION_ACCESS_VIOLATION (0xc0000005) at pc=0x00007ffc250b1eed]

GC Heap History (0 events):
No events

Deoptimization events (0 events):
No events

Classes unloaded (0 events):
No events

Classes redefined (0 events):
No events

Internal exceptions (0 events):
No events

Events (1 events):
Event: 0.006 Loaded shared library C:\Users\lordd\Downloads\sts-4.12.0.RELEASE\plugins\org.eclipse.justj.openjdk.hotspot.jre.full.win32.x86_64_16.0.2.v20210721-1149\jre\bin\java.dll


Dynamic libraries:
0x00007ff775650000 - 0x00007ff77565e000 	C:\Users\lordd\Downloads\sts-4.12.0.RELEASE\plugins\org.eclipse.justj.openjdk.hotspot.jre.full.win32.x86_64_16.0.2.v20210721-1149\jre\bin\javaw.exe
0x00007ffc83750000 - 0x00007ffc83945000 	C:\Windows\SYSTEM32\ntdll.dll
0x00007ffc824f0000 - 0x00007ffc825ae000 	C:\Windows\System32\KERNEL32.DLL
0x00007ffc80e70000 - 0x00007ffc81139000 	C:\Windows\System32\KERNELBASE.dll
0x00007ffc815f0000 - 0x00007ffc816f0000 	C:\Windows\System32\ucrtbase.dll
0x00007ffc6b080000 - 0x00007ffc6b098000 	C:\Users\lordd\Downloads\sts-4.12.0.RELEASE\plugins\org.eclipse.justj.openjdk.hotspot.jre.full.win32.x86_64_16.0.2.v20210721-1149\jre\bin\jli.dll
0x00007ffc6b0a0000 - 0x00007ffc6b0b9000 	C:\Users\lordd\Downloads\sts-4.12.0.RELEASE\plugins\org.eclipse.justj.openjdk.hotspot.jre.full.win32.x86_64_16.0.2.v20210721-1149\jre\bin\VCRUNTIME140.dll
0x00007ffc82e60000 - 0x00007ffc83001000 	C:\Windows\System32\USER32.dll
0x00007ffc81140000 - 0x00007ffc81162000 	C:\Windows\System32\win32u.dll
0x00007ffc69a00000 - 0x00007ffc69c9a000 	C:\Windows\WinSxS\amd64_microsoft.windows.common-controls_6595b64144ccf1df_6.0.19041.1110_none_60b5254171f9507e\COMCTL32.dll
0x00007ffc82220000 - 0x00007ffc8224b000 	C:\Windows\System32\GDI32.dll
0x00007ffc82250000 - 0x00007ffc822ee000 	C:\Windows\System32\msvcrt.dll
0x00007ffc814e0000 - 0x00007ffc815eb000 	C:\Windows\System32\gdi32full.dll
0x00007ffc81170000 - 0x00007ffc8120d000 	C:\Windows\System32\msvcp_win.dll
0x00007ffc83320000 - 0x00007ffc83350000 	C:\Windows\System32\IMM32.DLL
0x00007ffc78030000 - 0x00007ffc7803c000 	C:\Users\lordd\Downloads\sts-4.12.0.RELEASE\plugins\org.eclipse.justj.openjdk.hotspot.jre.full.win32.x86_64_16.0.2.v20210721-1149\jre\bin\vcruntime140_1.dll
0x00007ffc65930000 - 0x00007ffc659c1000 	C:\Users\lordd\Downloads\sts-4.12.0.RELEASE\plugins\org.eclipse.justj.openjdk.hotspot.jre.full.win32.x86_64_16.0.2.v20210721-1149\jre\bin\msvcp140.dll
0x00007ffc249f0000 - 0x00007ffc2559b000 	C:\Users\lordd\Downloads\sts-4.12.0.RELEASE\plugins\org.eclipse.justj.openjdk.hotspot.jre.full.win32.x86_64_16.0.2.v20210721-1149\jre\bin\server\jvm.dll
0x00007ffc834b0000 - 0x00007ffc8355c000 	C:\Windows\System32\ADVAPI32.dll
0x00007ffc83140000 - 0x00007ffc831db000 	C:\Windows\System32\sechost.dll
0x00007ffc83010000 - 0x00007ffc8313a000 	C:\Windows\System32\RPCRT4.dll
0x00007ffc822f0000 - 0x00007ffc822f8000 	C:\Windows\System32\PSAPI.DLL
0x00007ffc58710000 - 0x00007ffc58719000 	C:\Windows\SYSTEM32\WSOCK32.dll
0x00007ffc66e20000 - 0x00007ffc66e47000 	C:\Windows\SYSTEM32\WINMM.dll
0x00007ffc75ef0000 - 0x00007ffc75efa000 	C:\Windows\SYSTEM32\VERSION.dll
0x00007ffc82a30000 - 0x00007ffc82a9b000 	C:\Windows\System32\WS2_32.dll
0x00007ffc7f6f0000 - 0x00007ffc7f702000 	C:\Windows\SYSTEM32\kernel.appcore.dll
0x00007ffc6af80000 - 0x00007ffc6af8a000 	C:\Users\lordd\Downloads\sts-4.12.0.RELEASE\plugins\org.eclipse.justj.openjdk.hotspot.jre.full.win32.x86_64_16.0.2.v20210721-1149\jre\bin\jimage.dll
0x00007ffc7f410000 - 0x00007ffc7f5f4000 	C:\Windows\SYSTEM32\DBGHELP.DLL
0x00007ffc727a0000 - 0x00007ffc727cc000 	C:\Windows\SYSTEM32\dbgcore.DLL
0x00007ffc81450000 - 0x00007ffc814d3000 	C:\Windows\System32\bcryptPrimitives.dll
0x00007ffc5cdf0000 - 0x00007ffc5ce15000 	C:\Users\lordd\Downloads\sts-4.12.0.RELEASE\plugins\org.eclipse.justj.openjdk.hotspot.jre.full.win32.x86_64_16.0.2.v20210721-1149\jre\bin\java.dll

dbghelp: loaded successfully - version: 4.0.5 - missing functions: none
symbol engine: initialized successfully - sym options: 0x614 - pdb path: .;C:\Users\lordd\Downloads\sts-4.12.0.RELEASE\plugins\org.eclipse.justj.openjdk.hotspot.jre.full.win32.x86_64_16.0.2.v20210721-1149\jre\bin;C:\Windows\SYSTEM32;C:\Windows\WinSxS\amd64_microsoft.windows.common-controls_6595b64144ccf1df_6.0.19041.1110_none_60b5254171f9507e;C:\Users\lordd\Downloads\sts-4.12.0.RELEASE\plugins\org.eclipse.justj.openjdk.hotspot.jre.full.win32.x86_64_16.0.2.v20210721-1149\jre\bin\server

VM Arguments:
jvm_args: -Dcom.sun.management.jmxremote -Dcom.sun.management.jmxremote.port=1032 -Dcom.sun.management.jmxremote.authenticate=false -Dcom.sun.management.jmxremote.ssl=false -Djava.rmi.server.hostname=localhost -Dspring.jmx.enabled=true -Dspring.application.admin.enabled=true --illegal-access=permit -Xms256g -Xmx256g -XX:MaxNewSize=256g -XX:MaxPermSize=256g -XX:TieredStopAtLevel=1 -Dspring.boot.project.name=facturacion_demo -Dfile.encoding=UTF-8 -XX:+ShowCodeDetailsInExceptionMessages 
java_command: xyz.softecapps.facturacion_demo.FacturacionDemoApplication --spring.output.ansi.enabled=always
java_class_path (initial): C:\Users\lordd\Documents\workspace-spring-tool-suite-4-4.12.0.RELEASE\facturacion_demo\target\classes;C:\Users\lordd\Documents\workspace-spring-tool-suite-4-4.12.0.RELEASE\facturacion_demo\src\lib\javax.jws-api-1.1.jar;C:\Users\lordd\Documents\workspace-spring-tool-suite-4-4.12.0.RELEASE\facturacion_demo\src\lib\javax.activation-api-1.2.0.jar;C:\Users\lordd\Documents\workspace-spring-tool-suite-4-4.12.0.RELEASE\facturacion_demo\src\lib\javax.annotation-api-1.3.2.jar;C:\Users\lordd\Documents\workspace-spring-tool-suite-4-4.12.0.RELEASE\facturacion_demo\src\lib\javax.xml.soap-api-1.4.0.jar;C:\Users\lordd\Documents\workspace-spring-tool-suite-4-4.12.0.RELEASE\facturacion_demo\src\lib\jaxb-api-2.3.1.jar;C:\Users\lordd\Documents\workspace-spring-tool-suite-4-4.12.0.RELEASE\facturacion_demo\src\lib\jaxws-api-2.3.1.jar;C:\Users\lordd\Documents\workspace-spring-tool-suite-4-4.12.0.RELEASE\facturacion_demo\src\lib\bcmail-jdk16-1.45.jar;C:\Users\lordd\Documents\workspace-spring-tool-suite-4-4.12.0.RELEASE\facturacion_demo\src\lib\bcprov-jdk16-1.45.jar;C:\Users\lordd\Documents\workspace-spring-tool-suite-4-4.12.0.RELEASE\facturacion_demo\src\lib\bctsp-jdk16-1.45.jar;C:\Users\lordd\Documents\workspace-spring-tool-suite-4-4.12.0.RELEASE\facturacion_demo\src\lib\commons-codec-1.2.jar;C:\Users\lordd\Documents\workspace-spring-tool-suite-4-4.12.0.RELEASE\facturacion_demo\src\lib\commons-httpclient-3.0.1.jar;C:\Users\lordd\Documents\workspace-spring-tool-suite-4-4.12.0.RELEASE\facturacion_demo\src\lib\commons-lang-2.4.jar;C:\Users\lordd\Documents\workspace-spring-tool-suite-4-4.12.0.RELEASE\facturacion_demo\src\lib\commons-logging-1.1.1.jar;C:\Users\lordd\Documents\workspace-spring-tool-suite-4-4.12.0.RELEASE\facturacion_demo\src\lib\MITyCLibAPI-1.1.7.jar;C:\Users\lordd\Documents\workspace-spring-tool-suite-4-4.12.0.RELEASE\facturacion_demo\src\lib\MITyCLibCert-1.1.7.jar;C:\Users\lordd\Documents\workspace-spring-tool-suite-4-4.12.0.RELEASE\facturacion_de
Launcher Type: SUN_STANDARD

[Global flags]
     intx CICompilerCount                          = 4                                         {product} {ergonomic}
     uint ConcGCThreads                            = 3                                         {product} {ergonomic}
     uint G1ConcRefinementThreads                  = 10                                        {product} {ergonomic}
   size_t G1HeapRegionSize                         = 33554432                                  {product} {ergonomic}
    uintx GCDrainStackTargetSize                   = 64                                        {product} {ergonomic}
   size_t InitialHeapSize                          = 274877906944                              {product} {command line}
     bool ManagementServer                         = true                                      {product} {command line}
   size_t MarkStackSize                            = 4194304                                   {product} {ergonomic}
   size_t MaxHeapSize                              = 274877906944                              {product} {command line}
   size_t MaxNewSize                               = 274877906944                              {product} {command line}
   size_t MinHeapDeltaBytes                        = 33554432                                  {product} {ergonomic}
   size_t MinHeapSize                              = 274877906944                              {product} {command line}
    uintx NonNMethodCodeHeapSize                   = 7549744                                {pd product} {ergonomic}
    uintx NonProfiledCodeHeapSize                  = 244108496                              {pd product} {ergonomic}
    uintx ProfiledCodeHeapSize                     = 0                                      {pd product} {ergonomic}
    uintx ReservedCodeCacheSize                    = 251658240                              {pd product} {ergonomic}
     bool SegmentedCodeCache                       = true                                      {product} {ergonomic}
     bool ShowCodeDetailsInExceptionMessages       = true                                   {manageable} {command line}
   size_t SoftMaxHeapSize                          = 274877906944                           {manageable} {ergonomic}
     intx TieredStopAtLevel                        = 1                                         {product} {command line}
     bool UseCompressedClassPointers               = true                           {product lp64_product} {ergonomic}
     bool UseG1GC                                  = true                                      {product} {ergonomic}
     bool UseLargePagesIndividualAllocation        = false                                  {pd product} {ergonomic}

Logging:
Log output configuration:
 #0: stdout all=warning uptime,level,tags
 #1: stderr all=off uptime,level,tags

Environment Variables:
JAVA_HOME=C:\Program Files\Java\jdk1.8.0_211
CLASSPATH=.;
PATH=C:/Users/lordd/Downloads/sts-4.12.0.RELEASE//plugins/org.eclipse.justj.openjdk.hotspot.jre.full.win32.x86_64_16.0.2.v20210721-1149/jre/bin/server;C:/Users/lordd/Downloads/sts-4.12.0.RELEASE//plugins/org.eclipse.justj.openjdk.hotspot.jre.full.win32.x86_64_16.0.2.v20210721-1149/jre/bin;C:\Python27\;C:\Python27\Scripts;C:\Program Files (x86)\Common Files\Oracle\Java\javapath;C:\Windows\system32;C:\Windows;C:\Windows\System32\Wbem;C:\Windows\System32\WindowsPowerShell\v1.0\;C:\Windows\System32\OpenSSH\;C:\Program Files (x86)\PuTTY\;C:\Program Files\Microsoft SQL Server\120\Tools\Binn\;C:\Program Files\Common Files\Autodesk Shared\;C:\xampp\php;C:\composer;C:\ProgramData\chocolatey\bin;C:\Program Files\Java\jdk1.8.0_211\bin;C:\Users\lordd\AppData\Local\Android\Sdk\platform-tools;C:\Users\lordd\AppData\Roaming\nvm;C:\Program Files\nodejs;C:\Users\lordd\AppData\Local\Programs\Python\Python39;C:\Users\lordd\AppData\Local\Programs\Python\Python39\Scripts\;C:\Users\lordd\AppData\Local\Programs\Python\Python39\;C:\Users\lordd\AppData\Local\Microsoft\WindowsApps;C:\Users\lordd\AppData\Local\Programs\Microsoft VS Code\bin;C:\Users\lordd\AppData\Roaming\Composer\vendor\bin;C:\Program Files (x86)\Nmap;C:\Users\lordd\AppData\Roaming\npm;C:\Users\lordd\AppData\Roaming\nvm;C:\Program Files\nodejs;C:\Users\lordd\Downloads\sts-4.12.0.RELEASE;
USERNAME=Dell
OS=Windows_NT
PROCESSOR_IDENTIFIER=Intel64 Family 6 Model 158 Stepping 10, GenuineIntel



---------------  S Y S T E M  ---------------

OS:
 Windows 10 , 64 bit Build 19041 (10.0.19041.1202)
OS uptime: 14 days 23:17 hours

CPU: total 12 (initial active 12) (6 cores per cpu, 2 threads per core) family 6 model 158 stepping 10 microcode 0xd6, cx8, cmov, fxsr, ht, mmx, 3dnowpref, sse, sse2, sse3, ssse3, sse4.1, sse4.2, popcnt, lzcnt, tsc, tscinvbit, avx, avx2, aes, erms, clmul, bmi1, bmi2, adx, fma, vzeroupper, clflush, clflushopt

Memory: 4k page, system-wide physical 16180M (6777M free)
TotalPageFile size 18612M (AvailPageFile size 4775M)
current process WorkingSet (physical memory assigned to process): 19M, peak: 19M
current process commit charge ("private bytes"): 72M, peak: 262216M

vm_info: OpenJDK 64-Bit Server VM (16.0.2+7-67) for windows-amd64 JRE (16.0.2+7-67), built on Jun  8 2021 23:21:43 by "mach5one" with MS VC++ 16.7 (VS2019)

END.
